--------------------------------------------------------------------------------
Release 14.7 Trace  (nt64)
Copyright (c) 1995-2013 Xilinx, Inc.  All rights reserved.

C:\Xilinx\14.7\ISE_DS\ISE\bin\nt64\unwrapped\trce.exe -intstyle ise -v 3 -s 1
-n 3 -fastpaths -xml top_mux.twx top_mux.ncd -o top_mux.twr top_mux.pcf

Design file:              top_mux.ncd
Physical constraint file: top_mux.pcf
Device,package,speed:     xc7k325t,ffg676,C,-1 (PRODUCTION 1.10 2013-10-13)
Report level:             verbose report

Environment Variable      Effect 
--------------------      ------ 
NONE                      No environment variables were set
--------------------------------------------------------------------------------

INFO:Timing:2698 - No timing constraints found, doing default enumeration.
INFO:Timing:3412 - To improve timing, see the Timing Closure User Guide (UG612).
INFO:Timing:2752 - To get complete path coverage, use the unconstrained paths 
   option. All paths that are not constrained will be reported in the 
   unconstrained paths section(s) of the report.
INFO:Timing:3339 - The clock-to-out numbers in this timing report are based on 
   a 50 Ohm transmission line loading model.  For the details of this model, 
   and for more information on accounting for different loading conditions, 
   please see the device datasheet.



Data Sheet report:
-----------------
All values displayed in nanoseconds (ns)

Pad to Pad
---------------+---------------+---------+
Source Pad     |Destination Pad|  Delay  |
---------------+---------------+---------+
sw<0>          |led<0>         |    5.304|
sw<0>          |led<1>         |    5.544|
sw<0>          |led<2>         |    5.918|
sw<0>          |led<3>         |    5.886|
sw<0>          |led<4>         |    5.723|
sw<0>          |led<5>         |    5.687|
sw<0>          |led<6>         |    5.576|
sw<1>          |led<0>         |    5.577|
sw<1>          |led<1>         |    5.662|
sw<1>          |led<2>         |    6.086|
sw<1>          |led<3>         |    6.059|
sw<1>          |led<4>         |    5.846|
sw<1>          |led<5>         |    6.130|
sw<1>          |led<6>         |    5.650|
sw<2>          |led<0>         |    5.657|
sw<2>          |led<1>         |    5.903|
sw<2>          |led<2>         |    5.751|
sw<2>          |led<3>         |    5.726|
sw<2>          |led<4>         |    6.083|
sw<2>          |led<5>         |    6.130|
sw<2>          |led<6>         |    5.926|
sw<3>          |led<0>         |    5.380|
sw<3>          |led<1>         |    5.880|
sw<3>          |led<2>         |    5.846|
sw<3>          |led<3>         |    5.643|
sw<3>          |led<4>         |    6.059|
sw<3>          |led<5>         |    5.705|
sw<3>          |led<6>         |    5.760|
---------------+---------------+---------+


Analysis completed Thu Nov 21 16:46:24 2024 
--------------------------------------------------------------------------------

Trace Settings:
-------------------------
Trace Settings 

Peak Memory Usage: 5276 MB



